<?xml version="1.0" encoding="UTF-8"?>
<!-- Generated by org.testng.reporters.JUnitReportReporter -->
<testsuite skipped="0" hostname="Praveens-MacBook-Air.local" name="com.src.google.testcases.TestCase1" tests="4" failures="0" timestamp="01 Sep 2018 04:40:44 GMT" time="25.707" errors="0">
  <testcase name="TestCase2" time="2.977" classname="com.src.google.testcases.TestCase1"/>
  <testcase name="TestCase1" time="16.414" classname="com.src.google.testcases.TestCase1"/>
  <testcase name="TestCase2" time="2.785" classname="com.src.google.testcases.TestCase1"/>
  <testcase name="TestCase2" time="3.531" classname="com.src.google.testcases.TestCase1"/>
</testsuite> <!-- com.src.google.testcases.TestCase1 -->
